TN:
SF:/Users/josephtatum/alchemy/career-track/project-1/lib/createNewSentence.js
FN:3,createNewSentence
FNF:1
FNH:1
FNDA:1,createNewSentence
DA:3,2
DA:4,1
DA:5,1
DA:6,0
DA:9,1
LF:5
LH:4
BRF:0
BRH:0
end_of_record
TN:
SF:/Users/josephtatum/alchemy/career-track/project-1/lib/data/alice-in-wonderland.js
FNF:0
FNH:0
DA:1,1
LF:1
LH:1
BRF:0
BRH:0
end_of_record
TN:
SF:/Users/josephtatum/alchemy/career-track/project-1/lib/data/through-the-looking-glass.js
FNF:0
FNH:0
DA:1,1
LF:1
LH:1
BRF:0
BRH:0
end_of_record
TN:
SF:/Users/josephtatum/alchemy/career-track/project-1/lib/models/Result.js
FN:22,(anonymous_0)
FNF:1
FNH:1
FNDA:1,(anonymous_0)
DA:1,1
DA:3,1
DA:23,1
DA:28,1
LF:4
LH:4
BRF:0
BRH:0
end_of_record
TN:
SF:/Users/josephtatum/alchemy/career-track/project-1/lib/models/Source.js
FN:23,(anonymous_0)
FN:27,(anonymous_1)
FN:30,(anonymous_2)
FN:36,(anonymous_3)
FNF:4
FNH:4
FNDA:1,(anonymous_0)
FNDA:1,(anonymous_1)
FNDA:1,(anonymous_2)
FNDA:1,(anonymous_3)
DA:1,2
DA:2,2
DA:3,2
DA:5,2
DA:17,2
DA:23,2
DA:24,1
DA:28,1
DA:30,1
DA:31,1
DA:33,1
DA:34,1
DA:37,1
DA:38,1
DA:46,2
LF:15
LH:15
BRF:0
BRH:0
end_of_record
TN:
SF:/Users/josephtatum/alchemy/career-track/project-1/lib/models/Text.js
FNF:0
FNH:0
DA:1,2
DA:3,2
DA:21,2
LF:3
LH:3
BRF:0
BRH:0
end_of_record
TN:
SF:/Users/josephtatum/alchemy/career-track/project-1/lib/utils/connect.js
FN:4,(anonymous_0)
FN:12,(anonymous_1)
FN:18,(anonymous_2)
FN:22,(anonymous_3)
FNF:4
FNH:3
FNDA:1,(anonymous_0)
FNDA:1,(anonymous_1)
FNDA:1,(anonymous_2)
FNDA:0,(anonymous_3)
DA:1,1
DA:2,1
DA:4,1
DA:5,1
DA:12,1
DA:13,1
DA:14,1
DA:15,1
DA:18,1
DA:19,1
DA:22,1
DA:23,0
LF:12
LH:11
BRDA:4,0,0,1
BRF:1
BRH:1
end_of_record
TN:
SF:/Users/josephtatum/alchemy/career-track/project-1/lib/utils/randomizer.js
FN:4,(anonymous_0)
FN:6,(anonymous_1)
FNF:2
FNH:2
FNDA:1,(anonymous_0)
FNDA:3,(anonymous_1)
DA:1,1
DA:2,1
DA:4,1
DA:5,1
DA:6,1
DA:7,3
DA:9,1
LF:7
LH:7
BRF:0
BRH:0
end_of_record
